<?xml version="1.0" encoding="UTF-8"?>
<!-- Generated by org.testng.reporters.JUnitReportReporter -->
<testsuite skipped="0" hostname="DESKTOP-3OH3DH7" name="org.movie.MovieInfo" tests="2" failures="0" timestamp="01 Oct 2022 13:44:43 GMT" time="30.721" errors="0">
  <testcase name="imdb" time="22.591" classname="org.movie.MovieInfo"/>
  <testcase name="wiki" time="8.130" classname="org.movie.MovieInfo"/>
</testsuite> <!-- org.movie.MovieInfo -->
